2023-03-13 12:15:35,308 - INFO - handle_Kline.py[112]:BTC:2021年11月10日最高点69000，到今天
2023-03-13 12:15:35,310 - INFO - handle_Kline.py[118]:收盘中位数:23342.66
2023-03-13 12:15:35,313 - INFO - handle_Kline.py[95]:成交量加权平均价:23177.26
2023-03-13 12:15:35,317 - INFO - handle_Kline.py[73]:最高价极差:52685.00
2023-03-13 12:15:35,318 - INFO - handle_Kline.py[76]:最低价极差:52685.00
2023-03-13 12:15:35,324 - INFO - handle_Kline.py[58]:历史最高价:69000.0,历史最低价:15476.0
2023-03-13 12:15:35,324 - INFO - handle_Kline.py[59]:历史最大跌幅:0.78
2023-03-13 12:15:35,326 - INFO - handle_Kline.py[60]:当前价格:21860.74,历史最高到当前跌幅:0.68
2023-03-13 12:16:40,414 - INFO - handle_Kline.py[115]:ETH:2021年11月10日最高点4868，到今天
2023-03-13 12:16:40,414 - INFO - handle_Kline.py[118]:收盘中位数:1663.52
2023-03-13 12:16:40,416 - INFO - handle_Kline.py[95]:成交量加权平均价:1937.25
2023-03-13 12:16:40,419 - INFO - handle_Kline.py[73]:最高价极差:3789.12
2023-03-13 12:16:40,419 - INFO - handle_Kline.py[76]:最低价极差:3789.12
2023-03-13 12:16:40,424 - INFO - handle_Kline.py[58]:历史最高价:4868.0,历史最低价:881.56
2023-03-13 12:16:40,424 - INFO - handle_Kline.py[59]:历史最大跌幅:0.82
2023-03-13 12:16:40,424 - INFO - handle_Kline.py[60]:当前价格:1573.07,历史最高到当前跌幅:0.68
2023-03-13 16:14:00,638 - INFO - handle_Kline.py[128]:LTC:2021年05月10日最高点413,到今天2023年03月13日
2023-03-13 16:14:00,638 - INFO - handle_Kline.py[135]:收盘中位数:127.69
2023-03-13 16:14:00,641 - INFO - handle_Kline.py[101]:成交量加权平均价:148.33
2023-03-13 16:14:00,644 - INFO - handle_Kline.py[79]:最高价极差:366.99
2023-03-13 16:14:00,644 - INFO - handle_Kline.py[82]:最低价极差:366.99
2023-03-13 16:14:00,649 - INFO - handle_Kline.py[64]:历史最高价:413.49,历史最低价:40.3
2023-03-13 16:14:00,649 - INFO - handle_Kline.py[65]:历史最大跌幅:90.25%
2023-03-13 16:14:00,650 - INFO - handle_Kline.py[66]:当前价格:50.23,历史最高到当前跌幅:0.88
2023-03-13 16:25:21,881 - INFO - handle_Kline.py[131]:AGIX:2023年03月01日最高点0.56,到今天2023年03月13日
2023-03-13 16:25:21,882 - INFO - handle_Kline.py[135]:收盘中位数:0.42
2023-03-13 16:25:21,883 - INFO - handle_Kline.py[101]:成交量加权平均价:0.41
2023-03-13 16:25:21,885 - INFO - handle_Kline.py[79]:最高价极差:0.22
2023-03-13 16:25:21,885 - INFO - handle_Kline.py[82]:最低价极差:0.22
2023-03-13 16:25:21,887 - INFO - handle_Kline.py[64]:历史最高价:0.56,历史最低价:0.2851
2023-03-13 16:25:21,888 - INFO - handle_Kline.py[65]:历史最大跌幅:49.09%
2023-03-13 16:25:21,888 - INFO - handle_Kline.py[66]:当前价格:0.35649,历史最高到当前跌幅:36.34%
