2023-03-19 08:08:25,921 - INFO - handle_fear.py[133]:恐慌指数:从2021年11月10日最高点计算,最恐慌:6.0,平均恐慌情绪:30.33,最不恐慌:84.0,今日恐慌指数:63.0
2023-03-19 08:08:27,296 - INFO - handle_ahr999.py[112]:ahr指标:当ahr指标低于0.45时或许适合抄底，在0.45和1.2区间内或许适合定投BTC，高于该区间说明此时或许不是良好的定投时机。
2023-03-19 08:08:27,296 - INFO - handle_ahr999.py[114]:ahr指标:今日:2023-03-19,当前ahr999值:0.7618,定投线1.2,抄底线0.45,今日价格:26966.31,拟合价格:48484.15,200日定投成本:19687.96
2023-03-19 08:08:27,297 - INFO - handle_ahr999.py[116]:ahr指标:从2020年11月10日价格最高开始计算,最低ahr值:0.26,平均ahr值:1.9,最高ahr值:9.3729,今日ahr值:0.7618
2023-03-19 08:08:27,304 - INFO - handle_ahr999.py[106]:ahr指标:从2020年5月12日第3次减产开始计算,最低ahr值:0.26,平均ahr值:1.72,最高ahr值:9.3729,今日ahr值:0.7618
2023-03-19 08:08:27,315 - INFO - handle_ahr999.py[109]:ahr指标:从2016年7月9日第2次减产开始计算,最低ahr值:0.2314,平均ahr值:1.82,最高ahr值:25.9906,今日ahr值:0.7618
2023-03-19 08:11:40,057 - INFO - handle_Kline.py[135]:币安 BTC:2021年11月10日最高点69000,到今天2023年03月19日
2023-03-19 08:11:40,057 - INFO - handle_Kline.py[151]:收盘中位数:23488.94
2023-03-19 08:11:40,060 - INFO - handle_Kline.py[117]:成交量加权平均价:23268.51
2023-03-19 08:11:40,063 - INFO - handle_Kline.py[95]:最高价极差:52685.00
2023-03-19 08:11:40,064 - INFO - handle_Kline.py[98]:最低价极差:52685.00
2023-03-19 08:11:40,069 - INFO - handle_Kline.py[80]:历史最高价:69000.0,历史最低价:15476.0,历史最大跌幅:77.57%
2023-03-19 08:11:40,071 - INFO - handle_Kline.py[82]:当前价格:26901.02,历史最高到当前跌幅:61.00%
2023-03-19 08:14:53,817 - INFO - handle_Kline.py[138]:币安 ETH:2021年11月10日最高点4868,到今天2023年03月19日
2023-03-19 08:14:53,817 - INFO - handle_Kline.py[151]:收盘中位数:1666.38
2023-03-19 08:14:53,820 - INFO - handle_Kline.py[117]:成交量加权平均价:1933.38
2023-03-19 08:14:53,822 - INFO - handle_Kline.py[95]:最高价极差:3789.12
2023-03-19 08:14:53,823 - INFO - handle_Kline.py[98]:最低价极差:3789.12
2023-03-19 08:14:53,828 - INFO - handle_Kline.py[80]:历史最高价:4868.0,历史最低价:881.56,历史最大跌幅:81.89%
2023-03-19 08:14:53,828 - INFO - handle_Kline.py[82]:当前价格:1757.92,历史最高到当前跌幅:64.00%
2023-03-19 08:17:57,156 - INFO - handle_Kline.py[141]:币安 DOT:2021年11月04日最高点55,到今天:2023年03月19日
2023-03-19 08:17:57,156 - INFO - handle_Kline.py[151]:收盘中位数:7.77
2023-03-19 08:17:57,159 - INFO - handle_Kline.py[117]:成交量加权平均价:15.27
2023-03-19 08:17:57,161 - INFO - handle_Kline.py[95]:最高价极差:50.75
2023-03-19 08:17:57,161 - INFO - handle_Kline.py[98]:最低价极差:50.75
2023-03-19 08:17:57,166 - INFO - handle_Kline.py[80]:历史最高价:55.09,历史最低价:4.224,历史最大跌幅:92.33%
2023-03-19 08:17:57,166 - INFO - handle_Kline.py[82]:当前价格:6.283,历史最高到当前跌幅:89.00%
2023-03-19 08:21:00,428 - INFO - handle_Kline.py[144]:币安 LTC:2021年05月10日最高点413,到今天2023年03月19日
2023-03-19 08:21:00,429 - INFO - handle_Kline.py[151]:收盘中位数:127.69
2023-03-19 08:21:00,431 - INFO - handle_Kline.py[117]:成交量加权平均价:148.33
2023-03-19 08:21:00,433 - INFO - handle_Kline.py[95]:最高价极差:366.99
2023-03-19 08:21:00,433 - INFO - handle_Kline.py[98]:最低价极差:366.99
2023-03-19 08:21:00,438 - INFO - handle_Kline.py[80]:历史最高价:413.49,历史最低价:40.3,历史最大跌幅:90.25%
2023-03-19 08:21:00,438 - INFO - handle_Kline.py[82]:当前价格:50.23,历史最高到当前跌幅:88.00%
2023-03-19 08:24:06,200 - INFO - handle_Kline.py[147]:币安 AGIX:2023年03月01日最高点0.56,到今天2023年03月19日
2023-03-19 08:24:06,201 - INFO - handle_Kline.py[151]:收盘中位数:0.46
2023-03-19 08:24:06,202 - INFO - handle_Kline.py[117]:成交量加权平均价:0.45
2023-03-19 08:24:06,203 - INFO - handle_Kline.py[95]:最高价极差:0.25
2023-03-19 08:24:06,204 - INFO - handle_Kline.py[98]:最低价极差:0.25
2023-03-19 08:24:06,205 - INFO - handle_Kline.py[80]:历史最高价:0.59,历史最低价:0.2851,历史最大跌幅:51.68000000000001%
2023-03-19 08:24:06,206 - INFO - handle_Kline.py[82]:当前价格:0.50499,历史最高到当前跌幅:14.00%
