2023-03-31 09:37:40,084 - INFO - handle_fear.py[129]:恐慌指数说明:0-24极度恐慌,25-29恐惧,50-74贪婪,75-100极度贪婪，最好策略别人恐慌我贪婪，牛转熊注意，别人贪婪我恐慌
2023-03-31 09:37:40,086 - INFO - handle_fear.py[165]:恐慌指数:从2018年2月1日到今天最高点计算,极度恐慌:5.0,平均恐慌情绪:42.39,极度贪婪:95.0,今日恐慌指数:63.0
2023-03-31 09:37:40,087 - WARNING - handle_fear.py[166]:恐慌指数:从2018年2月1日开始到今天,数据总数:1882,其中低于24的极度恐慌次数:493,占比:26.00%,其中高于75的极度贪婪次数:210,占比:11.00%
2023-03-31 09:37:40,087 - INFO - handle_fear.py[129]:恐慌指数说明:0-24极度恐慌,25-29恐惧,50-74贪婪,75-100极度贪婪，最好策略别人恐慌我贪婪，牛转熊注意，别人贪婪我恐慌
2023-03-31 09:37:40,089 - INFO - handle_fear.py[170]:恐慌指数:从2021年11月10日到今天最高点计算,极度恐慌:6.0,平均恐慌情绪:30.89,极度贪婪:77.0,今日恐慌指数:63.0
2023-03-31 09:37:40,089 - ERROR - handle_fear.py[171]:恐慌指数:从2021年11月10日开始到今天,数据总数:506,其中低于24的极度恐慌次数:202,占比:40.00%,其中高于75的极度贪婪次数:1,占比:0.00%
2023-03-31 09:37:41,354 - INFO - handle_ahr999.py[161]:ahr指标说明:当ahr指标低于0.45时或许适合抄底，在0.45和1.2区间内或许适合定投BTC，高于该区间说明此时或许不是良好的定投时机。
2023-03-31 09:37:41,354 - INFO - handle_ahr999.py[163]:ahr指标:从2020年11月10日价格最高开始计算,最低ahr值:0.26,平均ahr值:1.89,最高ahr值:9.3729,今日ahr值:0.8063
2023-03-31 09:37:41,354 - WARNING - handle_ahr999.py[169]:ahr指标:今日:2023-03-31,当前ahr999值:0.8063,结合恐慌指数考虑是否定投?
2023-03-31 09:37:41,357 - INFO - handle_ahr999.py[155]:ahr指标:从2020年5月12日第3次减产开始计算,最低ahr值:0.26,平均ahr值:1.71,最高ahr值:9.3729,今日ahr值:0.8063
2023-03-31 09:37:41,362 - INFO - handle_ahr999.py[158]:ahr指标:从2016年7月9日第2次减产开始计算,最低ahr值:0.2314,平均ahr值:1.82,最高ahr值:25.9906,今日ahr值:0.8063
2023-03-31 09:37:41,362 - WARNING - handle_ahr999.py[89]:ahr指标:样本数据总数:2441,其中低于0.45的抄底次数:318,占比:13.03%,其中适合定投的次数:1120,占比:45.879999999999995%
2023-03-31 09:37:41,363 - WARNING - handle_main.py[39]:恐慌和ahr指标汇总:今日:2023年03月31日,恐慌指数:63.0,昨日恐慌指数:60.0,今日ahr999值:0.8063,昨日ahr999值:0.8176,定投线1.2,抄底线0.45,今日价格:28195.73,拟合价格:49142.75,200日定投成本:20061.72
2023-03-31 09:40:47,700 - INFO - handle_Kline.py[150]:币安 BTC:2021年11月10日最高点69000,到今天2023年03月31日
2023-03-31 09:40:47,701 - INFO - handle_Kline.py[169]:收盘中位数:23536.28
2023-03-31 09:40:47,702 - INFO - handle_Kline.py[132]:成交量加权平均价:23364.53
2023-03-31 09:40:47,704 - INFO - handle_Kline.py[110]:最高价极差:52685.00
2023-03-31 09:40:47,704 - INFO - handle_Kline.py[113]:最低价极差:48624.00
2023-03-31 09:40:47,706 - INFO - handle_Kline.py[95]:历史最高价:69000.0,历史最低价:15476.0,历史最大跌幅:77.57%
2023-03-31 09:40:47,707 - INFO - handle_Kline.py[97]:当前价格:27000.0,历史最高到当前跌幅:61.00%
2023-03-31 09:43:55,822 - INFO - handle_Kline.py[153]:币安 ETH:2021年11月10日最高点4868,到今天2023年03月31日
2023-03-31 09:43:55,822 - INFO - handle_Kline.py[169]:收盘中位数:1673.59
2023-03-31 09:43:55,823 - INFO - handle_Kline.py[132]:成交量加权平均价:1931.27
2023-03-31 09:43:55,824 - INFO - handle_Kline.py[110]:最高价极差:3789.12
2023-03-31 09:43:55,824 - INFO - handle_Kline.py[113]:最低价极差:3702.52
2023-03-31 09:43:55,826 - INFO - handle_Kline.py[95]:历史最高价:4868.0,历史最低价:881.56,历史最大跌幅:81.89%
2023-03-31 09:43:55,826 - INFO - handle_Kline.py[97]:当前价格:1726.4,历史最高到当前跌幅:65.00%
2023-03-31 09:47:05,467 - INFO - handle_Kline.py[156]:币安 DOT:2021年11月04日最高点55,到今天:2023年03月31日
2023-03-31 09:47:05,467 - INFO - handle_Kline.py[169]:收盘中位数:7.77
2023-03-31 09:47:05,468 - INFO - handle_Kline.py[132]:成交量加权平均价:15.27
2023-03-31 09:47:05,469 - INFO - handle_Kline.py[110]:最高价极差:50.75
2023-03-31 09:47:05,469 - INFO - handle_Kline.py[113]:最低价极差:47.94
2023-03-31 09:47:05,470 - INFO - handle_Kline.py[95]:历史最高价:55.09,历史最低价:4.224,历史最大跌幅:92.33%
2023-03-31 09:47:05,471 - INFO - handle_Kline.py[97]:当前价格:6.283,历史最高到当前跌幅:89.00%
2023-03-31 09:50:13,805 - INFO - handle_Kline.py[159]:币安 LTC:2021年05月10日最高点413,到今天2023年03月31日
2023-03-31 09:50:13,806 - INFO - handle_Kline.py[169]:收盘中位数:127.69
2023-03-31 09:50:13,808 - INFO - handle_Kline.py[132]:成交量加权平均价:148.33
2023-03-31 09:50:13,810 - INFO - handle_Kline.py[110]:最高价极差:366.99
2023-03-31 09:50:13,810 - INFO - handle_Kline.py[113]:最低价极差:304.70
2023-03-31 09:50:13,815 - INFO - handle_Kline.py[95]:历史最高价:413.49,历史最低价:40.3,历史最大跌幅:90.25%
2023-03-31 09:50:13,816 - INFO - handle_Kline.py[97]:当前价格:50.23,历史最高到当前跌幅:88.00%
2023-03-31 09:53:25,892 - INFO - handle_Kline.py[162]:币安 AGIX:2023年03月01日最高点0.56,到今天2023年03月31日
2023-03-31 09:53:25,892 - INFO - handle_Kline.py[169]:收盘中位数:0.45
2023-03-31 09:53:25,894 - INFO - handle_Kline.py[132]:成交量加权平均价:0.45
2023-03-31 09:53:25,895 - INFO - handle_Kline.py[110]:最高价极差:0.25
2023-03-31 09:53:25,895 - INFO - handle_Kline.py[113]:最低价极差:0.21
2023-03-31 09:53:25,897 - INFO - handle_Kline.py[95]:历史最高价:0.59,历史最低价:0.2851,历史最大跌幅:51.68000000000001%
2023-03-31 09:53:25,897 - INFO - handle_Kline.py[97]:当前价格:0.40942,历史最高到当前跌幅:31.00%
2023-03-31 09:56:34,376 - INFO - handle_Kline.py[165]:币安 SNX:2020年07月09日币安上线,到今天2023年03月31日
2023-03-31 09:56:34,377 - INFO - handle_Kline.py[169]:收盘中位数:9.82
2023-03-31 09:56:34,380 - INFO - handle_Kline.py[132]:成交量加权平均价:11.47
2023-03-31 09:56:34,382 - INFO - handle_Kline.py[110]:最高价极差:26.36
2023-03-31 09:56:34,382 - INFO - handle_Kline.py[113]:最低价极差:22.87
2023-03-31 09:56:34,390 - INFO - handle_Kline.py[95]:历史最高价:28.981,历史最低价:2.384,历史最大跌幅:91.77%
2023-03-31 09:56:34,390 - INFO - handle_Kline.py[97]:当前价格:8.484,历史最高到当前跌幅:71.00%
