2023-04-06 09:42:20,361 - INFO - handle_fear.py[129]:恐慌指数说明:0-24极度恐慌,25-29恐惧,50-74贪婪,75-100极度贪婪，最好策略别人恐慌我贪婪，牛转熊注意，别人贪婪我恐慌
2023-04-06 09:42:20,370 - INFO - handle_fear.py[165]:恐慌指数:从2018年2月1日到今天最高点计算,极度恐慌:5.0,平均恐慌情绪:42.46,极度贪婪:95.0,今日恐慌指数:63.0
2023-04-06 09:42:20,370 - WARNING - handle_fear.py[166]:恐慌指数:从2018年2月1日开始到今天,数据总数:1888,其中低于24的极度恐慌次数:493,占比:26.00%,其中高于75的极度贪婪次数:210,占比:11.00%
2023-04-06 09:42:20,371 - INFO - handle_fear.py[129]:恐慌指数说明:0-24极度恐慌,25-29恐惧,50-74贪婪,75-100极度贪婪，最好策略别人恐慌我贪婪，牛转熊注意，别人贪婪我恐慌
2023-04-06 09:42:20,374 - INFO - handle_fear.py[170]:恐慌指数:从2021年11月10日到今天最高点计算,极度恐慌:6.0,平均恐慌情绪:31.25,极度贪婪:77.0,今日恐慌指数:63.0
2023-04-06 09:42:20,375 - ERROR - handle_fear.py[171]:恐慌指数:从2021年11月10日开始到今天,数据总数:512,其中低于24的极度恐慌次数:202,占比:39.00%,其中高于75的极度贪婪次数:1,占比:0.00%
2023-04-06 09:42:22,421 - INFO - handle_ahr999.py[161]:ahr指标说明:当ahr指标低于0.45时或许适合抄底，在0.45和1.2区间内或许适合定投BTC，高于该区间说明此时或许不是良好的定投时机。
2023-04-06 09:42:22,421 - INFO - handle_ahr999.py[163]:ahr指标:从2020年11月10日价格最高开始计算,最低ahr值:0.26,平均ahr值:1.88,最高ahr值:9.3729,今日ahr值:0.783
2023-04-06 09:42:22,422 - WARNING - handle_ahr999.py[169]:ahr指标:今日:2023-04-06,当前ahr999值:0.783,结合恐慌指数考虑是否定投?
2023-04-06 09:42:22,428 - INFO - handle_ahr999.py[155]:ahr指标:从2020年5月12日第3次减产开始计算,最低ahr值:0.26,平均ahr值:1.71,最高ahr值:9.3729,今日ahr值:0.783
2023-04-06 09:42:22,442 - INFO - handle_ahr999.py[158]:ahr指标:从2016年7月9日第2次减产开始计算,最低ahr值:0.2314,平均ahr值:1.81,最高ahr值:25.9906,今日ahr值:0.783
2023-04-06 09:42:22,443 - WARNING - handle_ahr999.py[89]:ahr指标:样本数据总数:2447,其中低于0.45的抄底次数:318,占比:13.0%,其中适合定投的次数:1126,占比:46.02%
2023-04-06 09:42:22,444 - WARNING - handle_main.py[39]:恐慌和ahr指标汇总:今日:2023年04月06日,恐慌指数:63.0,昨日恐慌指数:62.0,今日ahr999值:0.783,昨日ahr999值:0.7947,定投线1.2,抄底线0.45,今日价格:27999.86,拟合价格:49474.83,200日定投成本:20236.06
2023-04-06 09:45:28,977 - INFO - handle_Kline.py[151]:币安 BTC:2021年11月10日最高点69000,到今天2023年04月06日
2023-04-06 09:45:28,977 - INFO - handle_Kline.py[170]:收盘中位数:23810.00
2023-04-06 09:45:28,981 - INFO - handle_Kline.py[132]:成交量加权平均价:23408.58
2023-04-06 09:45:28,983 - INFO - handle_Kline.py[110]:最高价极差:52685.00
2023-04-06 09:45:28,984 - INFO - handle_Kline.py[113]:最低价极差:48624.00
2023-04-06 09:45:28,994 - INFO - handle_Kline.py[95]:历史最高价:69000.0,历史最低价:15476.0,历史最大跌幅:77.57%
2023-04-06 09:45:28,994 - INFO - handle_Kline.py[97]:当前价格:27878.6,历史最高到当前跌幅:60.00%
2023-04-06 09:48:38,691 - INFO - handle_Kline.py[154]:币安 ETH:2021年11月10日最高点4868,到今天2023年04月06日
2023-04-06 09:48:38,692 - INFO - handle_Kline.py[170]:收盘中位数:1666.14
2023-04-06 09:48:38,694 - INFO - handle_Kline.py[132]:成交量加权平均价:1985.04
2023-04-06 09:48:38,697 - INFO - handle_Kline.py[110]:最高价极差:3789.12
2023-04-06 09:48:38,697 - INFO - handle_Kline.py[113]:最低价极差:3702.52
