2023-03-15 09:36:36,706 - INFO - handle_Kline.py[135]:BTC:2021年11月10日最高点69000,到今天2023年03月15日
2023-03-15 09:36:36,707 - INFO - handle_Kline.py[151]:收盘中位数:23431.90
2023-03-15 09:36:36,708 - INFO - handle_Kline.py[117]:成交量加权平均价:23201.16
2023-03-15 09:36:36,710 - INFO - handle_Kline.py[95]:最高价极差:52685.00
2023-03-15 09:36:36,710 - INFO - handle_Kline.py[98]:最低价极差:52685.00
2023-03-15 09:36:36,714 - INFO - handle_Kline.py[80]:历史最高价:69000.0,历史最低价:15476.0,历史最大跌幅:77.57%
2023-03-15 09:36:36,714 - INFO - handle_Kline.py[82]:当前价格:24284.6,历史最高到当前跌幅:65.00%
2023-03-15 09:39:45,270 - INFO - handle_Kline.py[138]:ETH:2021年11月10日最高点4868,到今天2023年03月15日
2023-03-15 09:39:45,271 - INFO - handle_Kline.py[151]:收盘中位数:1665.41
2023-03-15 09:39:45,272 - INFO - handle_Kline.py[117]:成交量加权平均价:1935.49
2023-03-15 09:39:45,273 - INFO - handle_Kline.py[95]:最高价极差:3789.12
2023-03-15 09:39:45,273 - INFO - handle_Kline.py[98]:最低价极差:3789.12
2023-03-15 09:39:45,275 - INFO - handle_Kline.py[80]:历史最高价:4868.0,历史最低价:881.56,历史最大跌幅:81.89%
2023-03-15 09:39:45,276 - INFO - handle_Kline.py[82]:当前价格:1679.95,历史最高到当前跌幅:65.00%
2023-03-15 09:42:54,224 - INFO - handle_Kline.py[141]:DOT:2021年11月04日最高点55,到今天:2023年03月15日
2023-03-15 09:42:54,224 - INFO - handle_Kline.py[151]:收盘中位数:7.78
2023-03-15 09:42:54,226 - INFO - handle_Kline.py[117]:成交量加权平均价:15.35
2023-03-15 09:42:54,227 - INFO - handle_Kline.py[95]:最高价极差:50.75
2023-03-15 09:42:54,227 - INFO - handle_Kline.py[98]:最低价极差:50.75
2023-03-15 09:42:54,230 - INFO - handle_Kline.py[80]:历史最高价:55.09,历史最低价:4.224,历史最大跌幅:92.33%
2023-03-15 09:42:54,230 - INFO - handle_Kline.py[82]:当前价格:6.148,历史最高到当前跌幅:89.00%
