2023-03-14 12:37:36,991 - INFO - handle_Kline.py[119]:BTC:2021年11月10日最高点69000,到今天2023年03月14日
2023-03-14 12:37:36,992 - INFO - handle_Kline.py[135]:收盘中位数:23414.26
2023-03-14 12:37:36,994 - INFO - handle_Kline.py[101]:成交量加权平均价:23188.03
2023-03-14 12:37:36,997 - INFO - handle_Kline.py[79]:最高价极差:52685.00
2023-03-14 12:37:36,997 - INFO - handle_Kline.py[82]:最低价极差:52685.00
2023-03-14 12:37:37,002 - INFO - handle_Kline.py[64]:历史最高价:69000.0,历史最低价:15476.0
2023-03-14 12:37:37,003 - INFO - handle_Kline.py[65]:历史最大跌幅:77.57%
2023-03-14 12:37:37,006 - INFO - handle_Kline.py[66]:当前价格:23986.02,历史最高到当前跌幅:65.24%
2023-03-14 12:41:42,923 - INFO - handle_Kline.py[122]:ETH:2021年11月10日最高点4868,到今天2023年03月14日
2023-03-14 12:41:42,923 - INFO - handle_Kline.py[135]:收盘中位数:1665.32
2023-03-14 12:41:42,926 - INFO - handle_Kline.py[101]:成交量加权平均价:1936.40
2023-03-14 12:41:42,928 - INFO - handle_Kline.py[79]:最高价极差:3789.12
2023-03-14 12:41:42,928 - INFO - handle_Kline.py[82]:最低价极差:3789.12
2023-03-14 12:41:42,933 - INFO - handle_Kline.py[64]:历史最高价:4868.0,历史最低价:881.56
2023-03-14 12:41:42,933 - INFO - handle_Kline.py[65]:历史最大跌幅:81.89%
2023-03-14 12:41:42,933 - INFO - handle_Kline.py[66]:当前价格:1660.88,历史最高到当前跌幅:65.88000000000001%
2023-03-14 12:45:56,408 - INFO - handle_Kline.py[125]:DOT:2021年11月04日最高点55,到今天:2023年03月14日
2023-03-14 12:45:56,409 - INFO - handle_Kline.py[135]:收盘中位数:7.79
2023-03-14 12:45:56,411 - INFO - handle_Kline.py[101]:成交量加权平均价:15.37
2023-03-14 12:45:56,415 - INFO - handle_Kline.py[79]:最高价极差:50.75
2023-03-14 12:45:56,415 - INFO - handle_Kline.py[82]:最低价极差:50.75
2023-03-14 12:45:56,421 - INFO - handle_Kline.py[64]:历史最高价:55.09,历史最低价:4.224
2023-03-14 12:45:56,421 - INFO - handle_Kline.py[65]:历史最大跌幅:92.33%
2023-03-14 12:45:56,422 - INFO - handle_Kline.py[66]:当前价格:6.06,历史最高到当前跌幅:89.0%
2023-03-14 12:50:05,650 - INFO - handle_Kline.py[128]:LTC:2021年05月10日最高点413,到今天2023年03月14日
2023-03-14 12:50:05,651 - INFO - handle_Kline.py[135]:收盘中位数:127.69
2023-03-14 12:50:05,653 - INFO - handle_Kline.py[101]:成交量加权平均价:148.33
2023-03-14 12:50:05,655 - INFO - handle_Kline.py[79]:最高价极差:366.99
2023-03-14 12:50:05,655 - INFO - handle_Kline.py[82]:最低价极差:366.99
2023-03-14 12:50:05,661 - INFO - handle_Kline.py[64]:历史最高价:413.49,历史最低价:40.3
2023-03-14 12:50:05,662 - INFO - handle_Kline.py[65]:历史最大跌幅:90.25%
2023-03-14 12:50:05,662 - INFO - handle_Kline.py[66]:当前价格:50.23,历史最高到当前跌幅:87.85%
2023-03-14 12:54:16,755 - INFO - handle_Kline.py[131]:AGIX:2023年03月01日最高点0.56,到今天2023年03月14日
2023-03-14 12:54:16,756 - INFO - handle_Kline.py[135]:收盘中位数:0.40
2023-03-14 12:54:16,757 - INFO - handle_Kline.py[101]:成交量加权平均价:0.41
2023-03-14 12:54:16,758 - INFO - handle_Kline.py[79]:最高价极差:0.22
2023-03-14 12:54:16,758 - INFO - handle_Kline.py[82]:最低价极差:0.22
2023-03-14 12:54:16,760 - INFO - handle_Kline.py[64]:历史最高价:0.56,历史最低价:0.2851
2023-03-14 12:54:16,761 - INFO - handle_Kline.py[65]:历史最大跌幅:49.09%
2023-03-14 12:54:16,761 - INFO - handle_Kline.py[66]:当前价格:0.38368,历史最高到当前跌幅:31.490000000000002%
