2023-04-08 12:18:30,738 - INFO - handle_fear.py[129]:恐慌指数说明:0-24极度恐慌,25-29恐惧,50-74贪婪,75-100极度贪婪，最好策略别人恐慌我贪婪，牛转熊注意，别人贪婪我恐慌
2023-04-08 12:18:30,745 - INFO - handle_fear.py[165]:恐慌指数:从2018年2月1日到今天最高点计算,极度恐慌:5.0,平均恐慌情绪:42.48,极度贪婪:95.0,今日恐慌指数:61.0
2023-04-08 12:18:30,745 - WARNING - handle_fear.py[166]:恐慌指数:从2018年2月1日开始到今天,数据总数:1890,其中低于24的极度恐慌次数:493,占比:26.00%,其中高于75的极度贪婪次数:210,占比:11.00%
2023-04-08 12:18:30,746 - INFO - handle_fear.py[129]:恐慌指数说明:0-24极度恐慌,25-29恐惧,50-74贪婪,75-100极度贪婪，最好策略别人恐慌我贪婪，牛转熊注意，别人贪婪我恐慌
2023-04-08 12:18:30,748 - INFO - handle_fear.py[170]:恐慌指数:从2021年11月10日到今天最高点计算,极度恐慌:6.0,平均恐慌情绪:31.38,极度贪婪:77.0,今日恐慌指数:61.0
2023-04-08 12:18:30,749 - ERROR - handle_fear.py[171]:恐慌指数:从2021年11月10日开始到今天,数据总数:514,其中低于24的极度恐慌次数:202,占比:39.00%,其中高于75的极度贪婪次数:1,占比:0.00%
2023-04-08 12:18:32,959 - INFO - handle_ahr999.py[161]:ahr指标说明:当ahr指标低于0.45时或许适合抄底，在0.45和1.2区间内或许适合定投BTC，高于该区间说明此时或许不是良好的定投时机。
2023-04-08 12:18:32,959 - INFO - handle_ahr999.py[163]:ahr指标:从2020年11月10日价格最高开始计算,最低ahr值:0.26,平均ahr值:1.88,最高ahr值:9.3729,今日ahr值:0.7806
2023-04-08 12:18:32,959 - WARNING - handle_ahr999.py[169]:ahr指标:今日:2023-04-08,当前ahr999值:0.7806,结合恐慌指数考虑是否定投?
2023-04-08 12:18:32,963 - INFO - handle_ahr999.py[155]:ahr指标:从2020年5月12日第3次减产开始计算,最低ahr值:0.26,平均ahr值:1.71,最高ahr值:9.3729,今日ahr值:0.7806
2023-04-08 12:18:32,971 - INFO - handle_ahr999.py[158]:ahr指标:从2016年7月9日第2次减产开始计算,最低ahr值:0.2314,平均ahr值:1.81,最高ahr值:25.9906,今日ahr值:0.7806
2023-04-08 12:18:32,972 - WARNING - handle_ahr999.py[89]:ahr指标:样本数据总数:2449,其中低于0.45的抄底次数:318,占比:12.98%,其中适合定投的次数:1128,占比:46.06%
2023-04-08 12:18:32,972 - WARNING - handle_main.py[39]:恐慌和ahr指标汇总:今日:2023年04月08日,恐慌指数:61.0,昨日恐慌指数:64.0,今日ahr999值:0.7806,昨日ahr999值:0.7828,定投线1.2,抄底线0.45,今日价格:28036.14,拟合价格:49585.93,200日定投成本:20305.05
2023-04-08 12:21:38,874 - INFO - handle_Kline.py[163]:币安 FIL:2021年04月01日最高点238,到今天2023年04月08日
2023-04-08 12:21:38,874 - INFO - handle_Kline.py[173]:收盘中位数:18.45
2023-04-08 12:21:38,876 - INFO - handle_Kline.py[132]:成交量加权平均价:24.69
2023-04-08 12:21:38,878 - INFO - handle_Kline.py[110]:最高价极差:235.23
2023-04-08 12:21:38,878 - INFO - handle_Kline.py[113]:最低价极差:177.58
2023-04-08 12:21:38,882 - INFO - handle_Kline.py[95]:历史最高价:238.2033,历史最低价:2.419,历史最大跌幅:98.98%
2023-04-08 12:21:38,882 - INFO - handle_Kline.py[97]:当前价格:5.736,历史最高到当前跌幅:98.00%
