2023-03-23 14:12:03,592 - INFO - handle_fear.py[127]:恐慌指数说明:0-24极度恐慌,25-29恐惧,50-74贪婪,75-100极度贪婪，最好策略别人恐慌我贪婪，牛转熊注意，别人贪婪我恐慌
2023-03-23 14:12:03,595 - INFO - handle_fear.py[163]:恐慌指数:从2018年2月1日到今天最高点计算,极度恐慌:5.0,平均恐慌情绪:42.29,极度贪婪:95.0,今日恐慌指数:68.0
2023-03-23 14:12:03,595 - WARNING - handle_fear.py[164]:恐慌指数:从2018年2月1日开始到今天,数据总数:1872,其中低于24的极度恐慌次数:493,占比:26.00%,其中高于75的极度贪婪次数:210,占比:11.00%
2023-03-23 14:12:03,602 - INFO - handle_ahr999.py[159]:ahr指标说明:当ahr指标低于0.45时或许适合抄底，在0.45和1.2区间内或许适合定投BTC，高于该区间说明此时或许不是良好的定投时机。
2023-03-23 14:12:03,602 - INFO - handle_ahr999.py[161]:ahr指标:从2020年11月10日价格最高开始计算,最低ahr值:0.26,平均ahr值:1.9,最高ahr值:9.3729,今日ahr值:0.8089
2023-03-23 14:12:03,603 - WARNING - handle_ahr999.py[167]:ahr指标:今日:2023-03-23,当前ahr999值:0.8089,结合恐慌指数考虑是否定投?
2023-03-23 14:12:03,605 - INFO - handle_ahr999.py[153]:ahr指标:从2020年5月12日第3次减产开始计算,最低ahr值:0.26,平均ahr值:1.72,最高ahr值:9.3729,今日ahr值:0.8089
2023-03-23 14:12:03,610 - INFO - handle_ahr999.py[156]:ahr指标:从2016年7月9日第2次减产开始计算,最低ahr值:0.2314,平均ahr值:1.82,最高ahr值:25.9906,今日ahr值:0.8089
2023-03-23 14:12:03,611 - WARNING - handle_ahr999.py[87]:ahr指标:样本数据总数:2432,其中低于0.45的抄底次数:318,占比:13.08%,其中适合定投的次数:1111,占比:45.68%
2023-03-23 14:12:03,612 - WARNING - handle_main.py[39]:恐慌和ahr指标汇总:今日:2023年03月23日,恐慌指数:68.0,昨日恐慌指数:66.0,今日ahr999值:0.8089,昨日ahr999值:0.8172,定投线1.2,抄底线0.45,今日价格:27866.48,拟合价格:48593.4,200日定投成本:19754.37
2023-03-23 14:15:13,130 - INFO - handle_Kline.py[150]:币安 BTC:2021年11月10日最高点69000,到今天2023年03月23日
2023-03-23 14:15:13,131 - INFO - handle_Kline.py[169]:收盘中位数:23517.72
2023-03-23 14:15:13,133 - INFO - handle_Kline.py[132]:成交量加权平均价:23353.55
2023-03-23 14:15:13,136 - INFO - handle_Kline.py[110]:最高价极差:52685.00
2023-03-23 14:15:13,136 - INFO - handle_Kline.py[113]:最低价极差:48624.00
2023-03-23 14:15:13,142 - INFO - handle_Kline.py[95]:历史最高价:69000.0,历史最低价:15476.0,历史最大跌幅:77.57%
2023-03-23 14:15:13,142 - INFO - handle_Kline.py[97]:当前价格:27105.0,历史最高到当前跌幅:61.00%
2023-03-23 14:18:22,191 - INFO - handle_Kline.py[153]:币安 ETH:2021年11月10日最高点4868,到今天2023年03月23日
2023-03-23 14:18:22,191 - INFO - handle_Kline.py[169]:收盘中位数:1673.45
2023-03-23 14:18:22,194 - INFO - handle_Kline.py[132]:成交量加权平均价:1931.79
2023-03-23 14:18:22,196 - INFO - handle_Kline.py[110]:最高价极差:3789.12
2023-03-23 14:18:22,196 - INFO - handle_Kline.py[113]:最低价极差:3702.52
2023-03-23 14:18:22,199 - INFO - handle_Kline.py[95]:历史最高价:4868.0,历史最低价:881.56,历史最大跌幅:81.89%
2023-03-23 14:18:22,199 - INFO - handle_Kline.py[97]:当前价格:1729.35,历史最高到当前跌幅:64.00%
2023-03-23 14:21:31,263 - INFO - handle_Kline.py[156]:币安 DOT:2021年11月04日最高点55,到今天:2023年03月23日
2023-03-23 14:21:31,264 - INFO - handle_Kline.py[169]:收盘中位数:7.77
2023-03-23 14:21:31,266 - INFO - handle_Kline.py[132]:成交量加权平均价:15.27
2023-03-23 14:21:31,267 - INFO - handle_Kline.py[110]:最高价极差:50.75
2023-03-23 14:21:31,268 - INFO - handle_Kline.py[113]:最低价极差:47.94
2023-03-23 14:21:31,271 - INFO - handle_Kline.py[95]:历史最高价:55.09,历史最低价:4.224,历史最大跌幅:92.33%
2023-03-23 14:21:31,271 - INFO - handle_Kline.py[97]:当前价格:6.283,历史最高到当前跌幅:89.00%
2023-03-23 14:24:39,517 - INFO - handle_Kline.py[159]:币安 LTC:2021年05月10日最高点413,到今天2023年03月23日
2023-03-23 14:24:39,518 - INFO - handle_Kline.py[169]:收盘中位数:127.69
2023-03-23 14:24:39,518 - INFO - handle_Kline.py[132]:成交量加权平均价:148.33
2023-03-23 14:24:39,519 - INFO - handle_Kline.py[110]:最高价极差:366.99
2023-03-23 14:24:39,520 - INFO - handle_Kline.py[113]:最低价极差:304.70
2023-03-23 14:24:39,521 - INFO - handle_Kline.py[95]:历史最高价:413.49,历史最低价:40.3,历史最大跌幅:90.25%
2023-03-23 14:24:39,521 - INFO - handle_Kline.py[97]:当前价格:50.23,历史最高到当前跌幅:88.00%
2023-03-23 14:27:47,891 - INFO - handle_Kline.py[162]:币安 AGIX:2023年03月01日最高点0.56,到今天2023年03月23日
2023-03-23 14:27:47,892 - INFO - handle_Kline.py[169]:收盘中位数:0.47
2023-03-23 14:27:47,893 - INFO - handle_Kline.py[132]:成交量加权平均价:0.46
2023-03-23 14:27:47,894 - INFO - handle_Kline.py[110]:最高价极差:0.25
2023-03-23 14:27:47,895 - INFO - handle_Kline.py[113]:最低价极差:0.21
2023-03-23 14:27:47,896 - INFO - handle_Kline.py[95]:历史最高价:0.59,历史最低价:0.2851,历史最大跌幅:51.68000000000001%
2023-03-23 14:27:47,897 - INFO - handle_Kline.py[97]:当前价格:0.472,历史最高到当前跌幅:20.00%
2023-03-23 14:30:56,773 - INFO - handle_Kline.py[165]:币安 SNX:2020年07月09日币安上线,到今天2023年03月23日
2023-03-23 14:30:56,774 - INFO - handle_Kline.py[169]:收盘中位数:9.82
2023-03-23 14:30:56,777 - INFO - handle_Kline.py[132]:成交量加权平均价:11.47
2023-03-23 14:30:56,779 - INFO - handle_Kline.py[110]:最高价极差:26.36
2023-03-23 14:30:56,779 - INFO - handle_Kline.py[113]:最低价极差:22.87
2023-03-23 14:30:56,783 - INFO - handle_Kline.py[95]:历史最高价:28.981,历史最低价:2.384,历史最大跌幅:91.77%
2023-03-23 14:30:56,783 - INFO - handle_Kline.py[97]:当前价格:8.484,历史最高到当前跌幅:71.00%
