2023-03-17 09:28:30,314 - INFO - handle_Kline.py[135]:BTC:2021年11月10日最高点69000,到今天2023年03月17日
2023-03-17 09:28:30,315 - INFO - handle_Kline.py[151]:收盘中位数:23465.32
2023-03-17 09:28:30,316 - INFO - handle_Kline.py[117]:成交量加权平均价:23218.76
2023-03-17 09:28:30,317 - INFO - handle_Kline.py[95]:最高价极差:52685.00
2023-03-17 09:28:30,317 - INFO - handle_Kline.py[98]:最低价极差:52685.00
2023-03-17 09:28:30,320 - INFO - handle_Kline.py[80]:历史最高价:69000.0,历史最低价:15476.0,历史最大跌幅:77.57%
2023-03-17 09:28:30,321 - INFO - handle_Kline.py[82]:当前价格:24890.0,历史最高到当前跌幅:64.00%
2023-03-17 09:31:36,123 - INFO - handle_Kline.py[138]:ETH:2021年11月10日最高点4868,到今天2023年03月17日
2023-03-17 09:31:36,123 - INFO - handle_Kline.py[151]:收盘中位数:1665.41
2023-03-17 09:31:36,124 - INFO - handle_Kline.py[117]:成交量加权平均价:1934.15
2023-03-17 09:31:36,125 - INFO - handle_Kline.py[95]:最高价极差:3789.12
2023-03-17 09:31:36,125 - INFO - handle_Kline.py[98]:最低价极差:3789.12
2023-03-17 09:31:36,127 - INFO - handle_Kline.py[80]:历史最高价:4868.0,历史最低价:881.56,历史最大跌幅:81.89%
2023-03-17 09:31:36,127 - INFO - handle_Kline.py[82]:当前价格:1662.65,历史最高到当前跌幅:66.00%
2023-03-17 09:34:43,191 - INFO - handle_Kline.py[141]:DOT:2021年11月04日最高点55,到今天:2023年03月17日
2023-03-17 09:34:43,191 - INFO - handle_Kline.py[151]:收盘中位数:7.77
2023-03-17 09:34:43,192 - INFO - handle_Kline.py[117]:成交量加权平均价:15.31
2023-03-17 09:34:43,193 - INFO - handle_Kline.py[95]:最高价极差:50.75
2023-03-17 09:34:43,193 - INFO - handle_Kline.py[98]:最低价极差:50.75
2023-03-17 09:34:43,195 - INFO - handle_Kline.py[80]:历史最高价:55.09,历史最低价:4.224,历史最大跌幅:92.33%
2023-03-17 09:34:43,196 - INFO - handle_Kline.py[82]:当前价格:6.026,历史最高到当前跌幅:89.00%
2023-03-17 09:37:51,673 - INFO - handle_Kline.py[144]:LTC:2021年05月10日最高点413,到今天2023年03月17日
2023-03-17 09:37:51,673 - INFO - handle_Kline.py[151]:收盘中位数:127.69
2023-03-17 09:37:51,674 - INFO - handle_Kline.py[117]:成交量加权平均价:148.33
2023-03-17 09:37:51,675 - INFO - handle_Kline.py[95]:最高价极差:366.99
2023-03-17 09:37:51,675 - INFO - handle_Kline.py[98]:最低价极差:366.99
2023-03-17 09:37:51,677 - INFO - handle_Kline.py[80]:历史最高价:413.49,历史最低价:40.3,历史最大跌幅:90.25%
2023-03-17 09:37:51,677 - INFO - handle_Kline.py[82]:当前价格:50.23,历史最高到当前跌幅:88.00%
2023-03-17 09:41:09,776 - INFO - handle_Kline.py[147]:AGIX:2023年03月01日最高点0.56,到今天2023年03月17日
2023-03-17 09:41:09,777 - INFO - handle_Kline.py[151]:收盘中位数:0.45
2023-03-17 09:41:09,777 - INFO - handle_Kline.py[117]:成交量加权平均价:0.44
2023-03-17 09:41:09,778 - INFO - handle_Kline.py[95]:最高价极差:0.22
2023-03-17 09:41:09,778 - INFO - handle_Kline.py[98]:最低价极差:0.22
2023-03-17 09:41:09,779 - INFO - handle_Kline.py[80]:历史最高价:0.564,历史最低价:0.2851,历史最大跌幅:49.45%
2023-03-17 09:41:09,779 - INFO - handle_Kline.py[82]:当前价格:0.4766,历史最高到当前跌幅:15.00%
