2023-03-29 09:43:48,965 - INFO - handle_fear.py[129]:恐慌指数说明:0-24极度恐慌,25-29恐惧,50-74贪婪,75-100极度贪婪，最好策略别人恐慌我贪婪，牛转熊注意，别人贪婪我恐慌
2023-03-29 09:43:48,975 - INFO - handle_fear.py[165]:恐慌指数:从2018年2月1日到今天最高点计算,极度恐慌:5.0,平均恐慌情绪:42.37,极度贪婪:95.0,今日恐慌指数:57.0
2023-03-29 09:43:48,976 - WARNING - handle_fear.py[166]:恐慌指数:从2018年2月1日开始到今天,数据总数:1880,其中低于24的极度恐慌次数:493,占比:26.00%,其中高于75的极度贪婪次数:210,占比:11.00%
2023-03-29 09:43:48,977 - INFO - handle_fear.py[129]:恐慌指数说明:0-24极度恐慌,25-29恐惧,50-74贪婪,75-100极度贪婪，最好策略别人恐慌我贪婪，牛转熊注意，别人贪婪我恐慌
2023-03-29 09:43:48,980 - INFO - handle_fear.py[170]:恐慌指数:从2021年11月10日到今天最高点计算,极度恐慌:6.0,平均恐慌情绪:30.76,极度贪婪:77.0,今日恐慌指数:57.0
2023-03-29 09:43:48,980 - ERROR - handle_fear.py[171]:恐慌指数:从2021年11月10日开始到今天,数据总数:504,其中低于24的极度恐慌次数:202,占比:40.00%,其中高于75的极度贪婪次数:1,占比:0.00%
2023-03-29 09:43:51,281 - INFO - handle_ahr999.py[161]:ahr指标说明:当ahr指标低于0.45时或许适合抄底，在0.45和1.2区间内或许适合定投BTC，高于该区间说明此时或许不是良好的定投时机。
2023-03-29 09:43:51,281 - INFO - handle_ahr999.py[163]:ahr指标:从2020年11月10日价格最高开始计算,最低ahr值:0.26,平均ahr值:1.89,最高ahr值:9.3729,今日ahr值:0.7661
2023-03-29 09:43:51,281 - WARNING - handle_ahr999.py[169]:ahr指标:今日:2023-03-29,当前ahr999值:0.7661,结合恐慌指数考虑是否定投?
2023-03-29 09:43:51,290 - INFO - handle_ahr999.py[155]:ahr指标:从2020年5月12日第3次减产开始计算,最低ahr值:0.26,平均ahr值:1.72,最高ahr值:9.3729,今日ahr值:0.7661
2023-03-29 09:43:51,305 - INFO - handle_ahr999.py[158]:ahr指标:从2016年7月9日第2次减产开始计算,最低ahr值:0.2314,平均ahr值:1.82,最高ahr值:25.9906,今日ahr值:0.7661
2023-03-29 09:43:51,306 - WARNING - handle_ahr999.py[89]:ahr指标:样本数据总数:2439,其中低于0.45的抄底次数:318,占比:13.04%,其中适合定投的次数:1118,占比:45.839999999999996%
2023-03-29 09:43:51,308 - WARNING - handle_main.py[39]:恐慌和ahr指标汇总:今日:2023年03月29日,恐慌指数:57.0,昨日恐慌指数:59.0,今日ahr999值:0.7661,昨日ahr999值:0.8022,定投线1.2,抄底线0.45,今日价格:27397.9,拟合价格:49032.47,200日定投成本:19983.02
2023-03-29 09:46:57,944 - INFO - handle_Kline.py[150]:币安 BTC:2021年11月10日最高点69000,到今天2023年03月29日
2023-03-29 09:46:57,944 - INFO - handle_Kline.py[169]:收盘中位数:24670.41
2023-03-29 09:46:57,945 - INFO - handle_Kline.py[132]:成交量加权平均价:24291.53
2023-03-29 09:46:57,947 - INFO - handle_Kline.py[110]:最高价极差:8500.27
2023-03-29 09:46:57,947 - INFO - handle_Kline.py[113]:最低价极差:7868.67
2023-03-29 09:46:57,949 - INFO - handle_Kline.py[95]:历史最高价:28868.05,历史最低价:19549.09,历史最大跌幅:32.28%
2023-03-29 09:46:57,949 - INFO - handle_Kline.py[97]:当前价格:27240.1,历史最高到当前跌幅:6.00%
2023-03-29 09:50:09,034 - INFO - handle_Kline.py[153]:币安 ETH:2021年11月10日最高点4868,到今天2023年03月29日
2023-03-29 09:50:09,035 - INFO - handle_Kline.py[169]:收盘中位数:1673.73
2023-03-29 09:50:09,036 - INFO - handle_Kline.py[132]:成交量加权平均价:1654.53
2023-03-29 09:50:09,037 - INFO - handle_Kline.py[110]:最高价极差:417.73
2023-03-29 09:50:09,037 - INFO - handle_Kline.py[113]:最低价极差:404.09
2023-03-29 09:50:09,039 - INFO - handle_Kline.py[95]:历史最高价:1857.16,历史最低价:1368.39,历史最大跌幅:26.32%
2023-03-29 09:50:09,040 - INFO - handle_Kline.py[97]:当前价格:1772.48,历史最高到当前跌幅:5.00%
2023-03-29 09:53:15,910 - INFO - handle_Kline.py[156]:币安 DOT:2021年11月04日最高点55,到今天:2023年03月29日
2023-03-29 09:53:15,910 - INFO - handle_Kline.py[169]:收盘中位数:7.77
2023-03-29 09:53:15,912 - INFO - handle_Kline.py[132]:成交量加权平均价:15.27
2023-03-29 09:53:15,914 - INFO - handle_Kline.py[110]:最高价极差:50.75
2023-03-29 09:53:15,915 - INFO - handle_Kline.py[113]:最低价极差:47.94
2023-03-29 09:53:15,920 - INFO - handle_Kline.py[95]:历史最高价:55.09,历史最低价:4.224,历史最大跌幅:92.33%
2023-03-29 09:53:15,920 - INFO - handle_Kline.py[97]:当前价格:6.283,历史最高到当前跌幅:89.00%
