2023-03-21 09:25:21,350 - INFO - handle_fear.py[127]:恐慌指数说明:0-24极度恐慌,25-29恐惧,50-74贪婪,75-100极度贪婪，最好策略别人恐慌我贪婪，牛转熊注意，别人贪婪我恐慌
2023-03-21 09:25:21,356 - INFO - handle_fear.py[163]:恐慌指数:从2018年2月1日到今天最高点计算,极度恐慌:5.0,平均恐慌情绪:42.29,极度贪婪:95.0,今日恐慌指数:68.0
2023-03-21 09:25:21,357 - INFO - handle_fear.py[164]:恐慌指数:从2018年2月1日开始到今天,数据总数:1872,其中低于24的极度恐慌次数:493,占比:26.340000000000003%,其中高于75的极度贪婪次数:210,占比:11.219999999999999%
2023-03-21 09:25:21,363 - INFO - handle_ahr999.py[128]:ahr指标说明:当ahr指标低于0.45时或许适合抄底，在0.45和1.2区间内或许适合定投BTC，高于该区间说明此时或许不是良好的定投时机。
2023-03-21 09:25:21,364 - INFO - handle_ahr999.py[130]:ahr指标:从2020年11月10日价格最高开始计算,最低ahr值:0.26,平均ahr值:1.9,最高ahr值:9.3729,今日ahr值:0.8381
2023-03-21 09:25:21,364 - INFO - handle_ahr999.py[136]:ahr指标:今日:2023-03-21,当前ahr999值:0.8381,结合恐慌指数考虑是否定投
2023-03-21 09:25:21,371 - INFO - handle_ahr999.py[122]:ahr指标:从2020年5月12日第3次减产开始计算,最低ahr值:0.26,平均ahr值:1.72,最高ahr值:9.3729,今日ahr值:0.8381
2023-03-21 09:25:21,382 - INFO - handle_ahr999.py[125]:ahr指标:从2016年7月9日第2次减产开始计算,最低ahr值:0.2314,平均ahr值:1.82,最高ahr值:25.9906,今日ahr值:0.8381
2023-03-21 09:25:21,383 - INFO - handle_main.py[37]:恐慌和ahr指标汇总:今日:2023年03月21日,恐慌指数:68.0,昨日恐慌指数:66.0,今日ahr999值:0.8381,昨日ahr999值:0.7593,定投线1.2,抄底线0.45,今日价格:28327.59,拟合价格:48538.75,200日定投成本:19724.34
2023-03-21 09:28:28,532 - INFO - handle_Kline.py[135]:币安 BTC:2021年11月10日最高点69000,到今天2023年03月21日
2023-03-21 09:28:28,533 - INFO - handle_Kline.py[151]:收盘中位数:23492.09
2023-03-21 09:28:28,536 - INFO - handle_Kline.py[117]:成交量加权平均价:23317.78
2023-03-21 09:28:28,538 - INFO - handle_Kline.py[95]:最高价极差:52685.00
2023-03-21 09:28:28,538 - INFO - handle_Kline.py[98]:最低价极差:48624.00
2023-03-21 09:28:28,543 - INFO - handle_Kline.py[80]:历史最高价:69000.0,历史最低价:15476.0,历史最大跌幅:77.57%
2023-03-21 09:28:28,545 - INFO - handle_Kline.py[82]:当前价格:27664.51,历史最高到当前跌幅:60.00%
2023-03-21 09:31:47,209 - INFO - handle_Kline.py[138]:币安 ETH:2021年11月10日最高点4868,到今天2023年03月21日
2023-03-21 09:31:47,210 - INFO - handle_Kline.py[151]:收盘中位数:1671.03
2023-03-21 09:31:47,212 - INFO - handle_Kline.py[117]:成交量加权平均价:1932.68
2023-03-21 09:31:47,214 - INFO - handle_Kline.py[95]:最高价极差:3789.12
2023-03-21 09:31:47,215 - INFO - handle_Kline.py[98]:最低价极差:3702.52
2023-03-21 09:31:47,220 - INFO - handle_Kline.py[80]:历史最高价:4868.0,历史最低价:881.56,历史最大跌幅:81.89%
2023-03-21 09:31:47,220 - INFO - handle_Kline.py[82]:当前价格:1728.95,历史最高到当前跌幅:64.00%
2023-03-21 09:34:58,482 - INFO - handle_Kline.py[141]:币安 DOT:2021年11月04日最高点55,到今天:2023年03月21日
2023-03-21 09:34:58,483 - INFO - handle_Kline.py[151]:收盘中位数:7.77
2023-03-21 09:34:58,486 - INFO - handle_Kline.py[117]:成交量加权平均价:15.27
2023-03-21 09:34:58,488 - INFO - handle_Kline.py[95]:最高价极差:50.75
2023-03-21 09:34:58,488 - INFO - handle_Kline.py[98]:最低价极差:47.94
2023-03-21 09:34:58,493 - INFO - handle_Kline.py[80]:历史最高价:55.09,历史最低价:4.224,历史最大跌幅:92.33%
2023-03-21 09:34:58,493 - INFO - handle_Kline.py[82]:当前价格:6.283,历史最高到当前跌幅:89.00%
2023-03-21 09:38:09,153 - INFO - handle_Kline.py[144]:币安 LTC:2021年05月10日最高点413,到今天2023年03月21日
2023-03-21 09:38:09,154 - INFO - handle_Kline.py[151]:收盘中位数:127.69
2023-03-21 09:38:09,156 - INFO - handle_Kline.py[117]:成交量加权平均价:148.33
2023-03-21 09:38:09,159 - INFO - handle_Kline.py[95]:最高价极差:366.99
2023-03-21 09:38:09,160 - INFO - handle_Kline.py[98]:最低价极差:304.70
2023-03-21 09:38:09,165 - INFO - handle_Kline.py[80]:历史最高价:413.49,历史最低价:40.3,历史最大跌幅:90.25%
2023-03-21 09:38:09,165 - INFO - handle_Kline.py[82]:当前价格:50.23,历史最高到当前跌幅:88.00%
2023-03-21 09:41:19,972 - INFO - handle_Kline.py[147]:币安 AGIX:2023年03月01日最高点0.56,到今天2023年03月21日
2023-03-21 09:41:19,972 - INFO - handle_Kline.py[151]:收盘中位数:0.46
2023-03-21 09:41:19,974 - INFO - handle_Kline.py[117]:成交量加权平均价:0.45
2023-03-21 09:41:19,975 - INFO - handle_Kline.py[95]:最高价极差:0.25
2023-03-21 09:41:19,975 - INFO - handle_Kline.py[98]:最低价极差:0.21
2023-03-21 09:41:19,977 - INFO - handle_Kline.py[80]:历史最高价:0.59,历史最低价:0.2851,历史最大跌幅:51.68000000000001%
2023-03-21 09:41:19,977 - INFO - handle_Kline.py[82]:当前价格:0.4456,历史最高到当前跌幅:24.00%
