2023-03-15 10:30:37,826 - INFO - handle_Kline.py[135]:BTC:2021年11月10日最高点69000,到今天2023年03月15日
2023-03-15 10:30:37,827 - INFO - handle_Kline.py[151]:收盘中位数:23431.90
2023-03-15 10:30:37,828 - INFO - handle_Kline.py[117]:成交量加权平均价:23201.43
2023-03-15 10:30:37,830 - INFO - handle_Kline.py[95]:最高价极差:52685.00
2023-03-15 10:30:37,830 - INFO - handle_Kline.py[98]:最低价极差:52685.00
2023-03-15 10:30:37,833 - INFO - handle_Kline.py[80]:历史最高价:69000.0,历史最低价:15476.0,历史最大跌幅:77.57%
2023-03-15 10:30:37,833 - INFO - handle_Kline.py[82]:当前价格:24284.6,历史最高到当前跌幅:65.00%
2023-03-15 10:33:50,031 - INFO - handle_Kline.py[138]:ETH:2021年11月10日最高点4868,到今天2023年03月15日
2023-03-15 10:33:50,031 - INFO - handle_Kline.py[151]:收盘中位数:1665.41
2023-03-15 10:33:50,033 - INFO - handle_Kline.py[117]:成交量加权平均价:1935.47
2023-03-15 10:33:50,034 - INFO - handle_Kline.py[95]:最高价极差:3789.12
2023-03-15 10:33:50,034 - INFO - handle_Kline.py[98]:最低价极差:3789.12
2023-03-15 10:33:50,037 - INFO - handle_Kline.py[80]:历史最高价:4868.0,历史最低价:881.56,历史最大跌幅:81.89%
2023-03-15 10:33:50,037 - INFO - handle_Kline.py[82]:当前价格:1679.95,历史最高到当前跌幅:65.00%
2023-03-15 10:37:03,143 - INFO - handle_Kline.py[141]:DOT:2021年11月04日最高点55,到今天:2023年03月15日
2023-03-15 10:37:03,144 - INFO - handle_Kline.py[151]:收盘中位数:7.78
2023-03-15 10:37:03,145 - INFO - handle_Kline.py[117]:成交量加权平均价:15.34
2023-03-15 10:37:03,146 - INFO - handle_Kline.py[95]:最高价极差:50.75
2023-03-15 10:37:03,147 - INFO - handle_Kline.py[98]:最低价极差:50.75
2023-03-15 10:37:03,150 - INFO - handle_Kline.py[80]:历史最高价:55.09,历史最低价:4.224,历史最大跌幅:92.33%
2023-03-15 10:37:03,150 - INFO - handle_Kline.py[82]:当前价格:6.148,历史最高到当前跌幅:89.00%
2023-03-15 10:40:14,398 - INFO - handle_Kline.py[144]:LTC:2021年05月10日最高点413,到今天2023年03月15日
2023-03-15 10:40:14,399 - INFO - handle_Kline.py[151]:收盘中位数:127.69
2023-03-15 10:40:14,400 - INFO - handle_Kline.py[117]:成交量加权平均价:148.33
2023-03-15 10:40:14,401 - INFO - handle_Kline.py[95]:最高价极差:366.99
2023-03-15 10:40:14,401 - INFO - handle_Kline.py[98]:最低价极差:366.99
2023-03-15 10:40:14,403 - INFO - handle_Kline.py[80]:历史最高价:413.49,历史最低价:40.3,历史最大跌幅:90.25%
2023-03-15 10:40:14,403 - INFO - handle_Kline.py[82]:当前价格:50.23,历史最高到当前跌幅:88.00%
2023-03-15 10:43:27,891 - INFO - handle_Kline.py[147]:AGIX:2023年03月01日最高点0.56,到今天2023年03月15日
2023-03-15 10:43:27,913 - INFO - handle_Kline.py[151]:收盘中位数:0.44
2023-03-15 10:43:27,914 - INFO - handle_Kline.py[117]:成交量加权平均价:0.43
2023-03-15 10:43:27,915 - INFO - handle_Kline.py[95]:最高价极差:0.22
2023-03-15 10:43:27,916 - INFO - handle_Kline.py[98]:最低价极差:0.22
2023-03-15 10:43:27,917 - INFO - handle_Kline.py[80]:历史最高价:0.56,历史最低价:0.2851,历史最大跌幅:49.09%
2023-03-15 10:43:27,918 - INFO - handle_Kline.py[82]:当前价格:0.477,历史最高到当前跌幅:15.00%
