2023-04-09 14:00:42,204 - INFO - handle_fear.py[129]:恐慌指数说明:0-24极度恐慌,25-29恐惧,50-74贪婪,75-100极度贪婪，最好策略别人恐慌我贪婪，牛转熊注意，别人贪婪我恐慌
2023-04-09 14:00:42,210 - INFO - handle_fear.py[165]:恐慌指数:从2018年2月1日到今天最高点计算,极度恐慌:5.0,平均恐慌情绪:42.49,极度贪婪:95.0,今日恐慌指数:61.0
2023-04-09 14:00:42,210 - WARNING - handle_fear.py[166]:恐慌指数:从2018年2月1日开始到今天,数据总数:1891,其中低于24的极度恐慌次数:493,占比:26.00%,其中高于75的极度贪婪次数:210,占比:11.00%
2023-04-09 14:00:42,211 - INFO - handle_fear.py[129]:恐慌指数说明:0-24极度恐慌,25-29恐惧,50-74贪婪,75-100极度贪婪，最好策略别人恐慌我贪婪，牛转熊注意，别人贪婪我恐慌
2023-04-09 14:00:42,214 - INFO - handle_fear.py[170]:恐慌指数:从2021年11月10日到今天最高点计算,极度恐慌:6.0,平均恐慌情绪:31.43,极度贪婪:77.0,今日恐慌指数:61.0
2023-04-09 14:00:42,214 - ERROR - handle_fear.py[171]:恐慌指数:从2021年11月10日开始到今天,数据总数:515,其中低于24的极度恐慌次数:202,占比:39.00%,其中高于75的极度贪婪次数:1,占比:0.00%
2023-04-09 14:00:43,980 - INFO - handle_ahr999.py[161]:ahr指标说明:当ahr指标低于0.45时或许适合抄底，在0.45和1.2区间内或许适合定投BTC，高于该区间说明此时或许不是良好的定投时机。
2023-04-09 14:00:43,981 - INFO - handle_ahr999.py[163]:ahr指标:从2020年11月10日价格最高开始计算,最低ahr值:0.26,平均ahr值:1.88,最高ahr值:9.3729,今日ahr值:0.7775
2023-04-09 14:00:43,981 - WARNING - handle_ahr999.py[169]:ahr指标:今日:2023-04-09,当前ahr999值:0.7775,结合恐慌指数考虑是否定投?
2023-04-09 14:00:43,991 - INFO - handle_ahr999.py[155]:ahr指标:从2020年5月12日第3次减产开始计算,最低ahr值:0.26,平均ahr值:1.71,最高ahr值:9.3729,今日ahr值:0.7775
2023-04-09 14:00:44,005 - INFO - handle_ahr999.py[158]:ahr指标:从2016年7月9日第2次减产开始计算,最低ahr值:0.2314,平均ahr值:1.81,最高ahr值:25.9906,今日ahr值:0.7775
2023-04-09 14:00:44,006 - WARNING - handle_ahr999.py[89]:ahr指标:样本数据总数:2450,其中低于0.45的抄底次数:318,占比:12.98%,其中适合定投的次数:1129,占比:46.08%
2023-04-09 14:00:44,006 - WARNING - handle_main.py[39]:恐慌和ahr指标汇总:今日:2023年04月09日,恐慌指数:61.0,昨日恐慌指数:61.0,今日ahr999值:0.7775,昨日ahr999值:0.7737,定投线1.2,抄底线0.45,今日价格:28018.31,拟合价格:49641.56,200日定投成本:20338.27
2023-04-09 14:03:55,696 - INFO - handle_Kline.py[173]:币安 BTC:2021年11月10日最高点69000,到今天2023年04月09日
2023-04-09 14:03:55,697 - INFO - handle_Kline.py[195]:收盘中位数:23848.83
2023-04-09 14:03:55,699 - INFO - handle_Kline.py[154]:成交量加权平均价:23413.34
2023-04-09 14:03:55,702 - INFO - handle_Kline.py[132]:最高价极差:52685.00
2023-04-09 14:03:55,702 - INFO - handle_Kline.py[135]:最低价极差:48624.00
2023-04-09 14:03:55,707 - INFO - handle_Kline.py[117]:历史最高价:69000.0,历史最低价:15476.0,历史最大跌幅:77.57%
2023-04-09 14:03:55,708 - INFO - handle_Kline.py[119]:当前价格:27912.0,历史最高到当前跌幅:60.00%
2023-04-09 14:03:55,713 - INFO - handle_Kline.py[89]:成交量最高时间:2022年11月08日,最高价:20700.88,收盘价:18547.23,最高成交量:760705.36个,累计平均成交量:159122.95个
2023-04-09 14:07:09,030 - INFO - handle_Kline.py[176]:币安 ETH:2021年11月10日最高点4868,到今天2023年04月09日
2023-04-09 14:07:09,031 - INFO - handle_Kline.py[195]:收盘中位数:1696.05
2023-04-09 14:07:09,033 - INFO - handle_Kline.py[154]:成交量加权平均价:1928.83
2023-04-09 14:07:09,035 - INFO - handle_Kline.py[132]:最高价极差:3789.12
2023-04-09 14:07:09,035 - INFO - handle_Kline.py[135]:最低价极差:3702.52
2023-04-09 14:07:09,041 - INFO - handle_Kline.py[117]:历史最高价:4868.0,历史最低价:881.56,历史最大跌幅:81.89%
2023-04-09 14:07:09,041 - INFO - handle_Kline.py[119]:当前价格:1824.01,历史最高到当前跌幅:63.00%
2023-04-09 14:07:09,046 - INFO - handle_Kline.py[89]:成交量最高时间:2022年06月13日,最高价:1455.0,收盘价:1209.82,最高成交量:3626351.67个,累计平均成交量:643698.11个
2023-04-09 14:10:18,113 - INFO - handle_Kline.py[179]:币安 DOT:2021年11月04日最高点55,到今天:2023年04月09日
2023-04-09 14:10:18,114 - INFO - handle_Kline.py[195]:收盘中位数:7.54
2023-04-09 14:10:18,116 - INFO - handle_Kline.py[154]:成交量加权平均价:15.07
2023-04-09 14:10:18,119 - INFO - handle_Kline.py[132]:最高价极差:50.75
2023-04-09 14:10:18,119 - INFO - handle_Kline.py[135]:最低价极差:47.94
2023-04-09 14:10:18,127 - INFO - handle_Kline.py[117]:历史最高价:55.09,历史最低价:4.224,历史最大跌幅:92.33%
2023-04-09 14:10:18,127 - INFO - handle_Kline.py[119]:当前价格:6.119,历史最高到当前跌幅:89.00%
2023-04-09 14:10:18,131 - INFO - handle_Kline.py[89]:成交量最高时间:2022年05月11日,最高价:11.66,收盘价:9.09,最高成交量:31995073.86个,累计平均成交量:6915709.67个
2023-04-09 14:13:36,099 - INFO - handle_Kline.py[182]:币安 LTC:2021年05月10日最高点413,到今天2023年04月09日
2023-04-09 14:13:36,099 - INFO - handle_Kline.py[195]:收盘中位数:101.40
2023-04-09 14:13:36,102 - INFO - handle_Kline.py[154]:成交量加权平均价:127.59
2023-04-09 14:13:36,106 - INFO - handle_Kline.py[132]:最高价极差:366.99
2023-04-09 14:13:36,106 - INFO - handle_Kline.py[135]:最低价极差:304.70
2023-04-09 14:13:36,113 - INFO - handle_Kline.py[117]:历史最高价:413.49,历史最低价:40.3,历史最大跌幅:90.25%
2023-04-09 14:13:36,113 - INFO - handle_Kline.py[119]:当前价格:89.78,历史最高到当前跌幅:78.00%
2023-04-09 14:13:36,118 - INFO - handle_Kline.py[89]:成交量最高时间:2021年05月19日,最高价:300.31,收盘价:185.93,最高成交量:6731555.34个,累计平均成交量:758173.38个
2023-04-09 14:16:44,609 - INFO - handle_Kline.py[185]:币安 FIL:2021年04月01日最高点238,到今天2023年04月09日
2023-04-09 14:16:44,610 - INFO - handle_Kline.py[195]:收盘中位数:18.45
2023-04-09 14:16:44,612 - INFO - handle_Kline.py[154]:成交量加权平均价:24.66
2023-04-09 14:16:44,615 - INFO - handle_Kline.py[132]:最高价极差:235.23
2023-04-09 14:16:44,615 - INFO - handle_Kline.py[135]:最低价极差:177.58
2023-04-09 14:16:44,621 - INFO - handle_Kline.py[117]:历史最高价:238.2033,历史最低价:2.419,历史最大跌幅:98.98%
2023-04-09 14:16:44,622 - INFO - handle_Kline.py[119]:当前价格:5.67,历史最高到当前跌幅:98.00%
2023-04-09 14:16:44,627 - INFO - handle_Kline.py[89]:成交量最高时间:2023年02月19日,最高价:9.5,收盘价:8.466,最高成交量:48692958.43个,累计平均成交量:4858578.48个
