2023-03-26 09:25:51,581 - INFO - handle_fear.py[129]:恐慌指数说明:0-24极度恐慌,25-29恐惧,50-74贪婪,75-100极度贪婪，最好策略别人恐慌我贪婪，牛转熊注意，别人贪婪我恐慌
2023-03-26 09:25:51,588 - INFO - handle_fear.py[165]:恐慌指数:从2018年2月1日到今天最高点计算,极度恐慌:5.0,平均恐慌情绪:42.31,极度贪婪:95.0,今日恐慌指数:57.0
2023-03-26 09:25:51,588 - WARNING - handle_fear.py[166]:恐慌指数:从2018年2月1日开始到今天,数据总数:1874,其中低于24的极度恐慌次数:493,占比:26.00%,其中高于75的极度贪婪次数:210,占比:11.00%
2023-03-26 09:25:51,596 - INFO - handle_ahr999.py[161]:ahr指标说明:当ahr指标低于0.45时或许适合抄底，在0.45和1.2区间内或许适合定投BTC，高于该区间说明此时或许不是良好的定投时机。
2023-03-26 09:25:51,596 - INFO - handle_ahr999.py[163]:ahr指标:从2020年11月10日价格最高开始计算,最低ahr值:0.26,平均ahr值:1.9,最高ahr值:9.3729,今日ahr值:0.8089
2023-03-26 09:25:51,596 - WARNING - handle_ahr999.py[169]:ahr指标:今日:2023-03-26,当前ahr999值:0.8089,结合恐慌指数考虑是否定投?
2023-03-26 09:25:51,603 - INFO - handle_ahr999.py[155]:ahr指标:从2020年5月12日第3次减产开始计算,最低ahr值:0.26,平均ahr值:1.72,最高ahr值:9.3729,今日ahr值:0.8089
2023-03-26 09:25:51,615 - INFO - handle_ahr999.py[158]:ahr指标:从2016年7月9日第2次减产开始计算,最低ahr值:0.2314,平均ahr值:1.82,最高ahr值:25.9906,今日ahr值:0.8089
2023-03-26 09:25:51,616 - WARNING - handle_ahr999.py[89]:ahr指标:样本数据总数:2432,其中低于0.45的抄底次数:318,占比:13.08%,其中适合定投的次数:1111,占比:45.68%
2023-03-26 09:25:51,617 - WARNING - handle_main.py[38]:恐慌和ahr指标汇总:今日:2023年03月26日,恐慌指数:57.0,昨日恐慌指数:62.0,今日ahr999值:0.8089,昨日ahr999值:0.8172,定投线1.2,抄底线0.45,今日价格:27866.48,拟合价格:48593.4,200日定投成本:19754.37
2023-03-26 09:28:57,148 - INFO - handle_Kline.py[150]:币安 BTC:2021年11月10日最高点69000,到今天2023年03月26日
2023-03-26 09:28:57,148 - INFO - handle_Kline.py[169]:收盘中位数:23536.28
2023-03-26 09:28:57,151 - INFO - handle_Kline.py[132]:成交量加权平均价:23364.53
2023-03-26 09:28:57,153 - INFO - handle_Kline.py[110]:最高价极差:52685.00
2023-03-26 09:28:57,153 - INFO - handle_Kline.py[113]:最低价极差:48624.00
2023-03-26 09:28:57,158 - INFO - handle_Kline.py[95]:历史最高价:69000.0,历史最低价:15476.0,历史最大跌幅:77.57%
2023-03-26 09:28:57,159 - INFO - handle_Kline.py[97]:当前价格:27000.0,历史最高到当前跌幅:61.00%
2023-03-26 09:32:02,676 - INFO - handle_Kline.py[153]:币安 ETH:2021年11月10日最高点4868,到今天2023年03月26日
2023-03-26 09:32:02,676 - INFO - handle_Kline.py[169]:收盘中位数:1673.59
2023-03-26 09:32:02,679 - INFO - handle_Kline.py[132]:成交量加权平均价:1931.27
2023-03-26 09:32:02,681 - INFO - handle_Kline.py[110]:最高价极差:3789.12
2023-03-26 09:32:02,681 - INFO - handle_Kline.py[113]:最低价极差:3702.52
2023-03-26 09:32:02,686 - INFO - handle_Kline.py[95]:历史最高价:4868.0,历史最低价:881.56,历史最大跌幅:81.89%
2023-03-26 09:32:02,687 - INFO - handle_Kline.py[97]:当前价格:1726.4,历史最高到当前跌幅:65.00%
2023-03-26 09:35:07,994 - INFO - handle_Kline.py[156]:币安 DOT:2021年11月04日最高点55,到今天:2023年03月26日
2023-03-26 09:35:07,994 - INFO - handle_Kline.py[169]:收盘中位数:7.77
2023-03-26 09:35:07,996 - INFO - handle_Kline.py[132]:成交量加权平均价:15.27
2023-03-26 09:35:07,999 - INFO - handle_Kline.py[110]:最高价极差:50.75
2023-03-26 09:35:07,999 - INFO - handle_Kline.py[113]:最低价极差:47.94
2023-03-26 09:35:08,004 - INFO - handle_Kline.py[95]:历史最高价:55.09,历史最低价:4.224,历史最大跌幅:92.33%
2023-03-26 09:35:08,004 - INFO - handle_Kline.py[97]:当前价格:6.283,历史最高到当前跌幅:89.00%
2023-03-26 09:38:13,549 - INFO - handle_Kline.py[159]:币安 LTC:2021年05月10日最高点413,到今天2023年03月26日
2023-03-26 09:38:13,549 - INFO - handle_Kline.py[169]:收盘中位数:127.69
2023-03-26 09:38:13,551 - INFO - handle_Kline.py[132]:成交量加权平均价:148.33
2023-03-26 09:38:13,554 - INFO - handle_Kline.py[110]:最高价极差:366.99
2023-03-26 09:38:13,554 - INFO - handle_Kline.py[113]:最低价极差:304.70
2023-03-26 09:38:13,559 - INFO - handle_Kline.py[95]:历史最高价:413.49,历史最低价:40.3,历史最大跌幅:90.25%
2023-03-26 09:38:13,559 - INFO - handle_Kline.py[97]:当前价格:50.23,历史最高到当前跌幅:88.00%
2023-03-26 09:41:18,773 - INFO - handle_Kline.py[162]:币安 AGIX:2023年03月01日最高点0.56,到今天2023年03月26日
2023-03-26 09:41:18,773 - INFO - handle_Kline.py[169]:收盘中位数:0.46
2023-03-26 09:41:18,774 - INFO - handle_Kline.py[132]:成交量加权平均价:0.46
2023-03-26 09:41:18,775 - INFO - handle_Kline.py[110]:最高价极差:0.25
2023-03-26 09:41:18,776 - INFO - handle_Kline.py[113]:最低价极差:0.21
2023-03-26 09:41:18,778 - INFO - handle_Kline.py[95]:历史最高价:0.59,历史最低价:0.2851,历史最大跌幅:51.68000000000001%
2023-03-26 09:41:18,778 - INFO - handle_Kline.py[97]:当前价格:0.42773,历史最高到当前跌幅:28.00%
2023-03-26 09:44:27,771 - INFO - handle_Kline.py[165]:币安 SNX:2020年07月09日币安上线,到今天2023年03月26日
2023-03-26 09:44:27,772 - INFO - handle_Kline.py[169]:收盘中位数:9.82
2023-03-26 09:44:27,774 - INFO - handle_Kline.py[132]:成交量加权平均价:11.47
2023-03-26 09:44:27,776 - INFO - handle_Kline.py[110]:最高价极差:26.36
2023-03-26 09:44:27,776 - INFO - handle_Kline.py[113]:最低价极差:22.87
2023-03-26 09:44:27,782 - INFO - handle_Kline.py[95]:历史最高价:28.981,历史最低价:2.384,历史最大跌幅:91.77%
2023-03-26 09:44:27,782 - INFO - handle_Kline.py[97]:当前价格:8.484,历史最高到当前跌幅:71.00%
