2023-03-18 14:11:55,032 - INFO - handle_Kline.py[135]:币安 BTC:2021年11月10日最高点69000,到今天2023年03月18日
2023-03-18 14:11:55,032 - INFO - handle_Kline.py[151]:收盘中位数:23477.13
2023-03-18 14:11:55,035 - INFO - handle_Kline.py[117]:成交量加权平均价:23257.12
2023-03-18 14:11:55,037 - INFO - handle_Kline.py[95]:最高价极差:52685.00
2023-03-18 14:11:55,037 - INFO - handle_Kline.py[98]:最低价极差:52685.00
2023-03-18 14:11:55,044 - INFO - handle_Kline.py[80]:历史最高价:69000.0,历史最低价:15476.0,历史最大跌幅:77.57%
2023-03-18 14:11:55,045 - INFO - handle_Kline.py[82]:当前价格:27060.0,历史最高到当前跌幅:61.00%
2023-03-18 14:15:02,031 - INFO - handle_Kline.py[138]:币安 ETH:2021年11月10日最高点4868,到今天2023年03月18日
2023-03-18 14:15:02,031 - INFO - handle_Kline.py[151]:收盘中位数:1665.89
2023-03-18 14:15:02,033 - INFO - handle_Kline.py[117]:成交量加权平均价:1933.68
2023-03-18 14:15:02,035 - INFO - handle_Kline.py[95]:最高价极差:3789.12
2023-03-18 14:15:02,036 - INFO - handle_Kline.py[98]:最低价极差:3789.12
2023-03-18 14:15:02,041 - INFO - handle_Kline.py[80]:历史最高价:4868.0,历史最低价:881.56,历史最大跌幅:81.89%
2023-03-18 14:15:02,042 - INFO - handle_Kline.py[82]:当前价格:1767.13,历史最高到当前跌幅:64.00%
2023-03-18 14:18:07,872 - INFO - handle_Kline.py[141]:币安 DOT:2021年11月04日最高点55,到今天:2023年03月18日
2023-03-18 14:18:07,872 - INFO - handle_Kline.py[151]:收盘中位数:7.77
2023-03-18 14:18:07,875 - INFO - handle_Kline.py[117]:成交量加权平均价:15.28
2023-03-18 14:18:07,878 - INFO - handle_Kline.py[95]:最高价极差:50.75
2023-03-18 14:18:07,878 - INFO - handle_Kline.py[98]:最低价极差:50.75
2023-03-18 14:18:07,883 - INFO - handle_Kline.py[80]:历史最高价:55.09,历史最低价:4.224,历史最大跌幅:92.33%
2023-03-18 14:18:07,883 - INFO - handle_Kline.py[82]:当前价格:6.524,历史最高到当前跌幅:88.00%
